{"D:\\React Learnings\\NamastheReactCourse\\src\\components\\Contact.js": {"path":"D:\\React Learnings\\NamastheReactCourse\\src\\components\\Contact.js","statementMap":{"0":{"start":{"line":3,"column":16},"end":{"line":28,"column":1}},"1":{"start":{"line":4,"column":2},"end":{"line":27,"column":3}}},"fnMap":{"0":{"name":"(anonymous_0)","decl":{"start":{"line":3,"column":16},"end":{"line":3,"column":17}},"loc":{"start":{"line":3,"column":22},"end":{"line":28,"column":1}},"line":3}},"branchMap":{},"s":{"0":1,"1":1},"f":{"0":1},"b":{},"_coverageSchema":"1a1c01bbd47fc00a2c39e90264f33305004495a9","hash":"a7170196cbc0ea4e19b1a9ab731e4d8273c0c8ba"}
,"D:\\React Learnings\\NamastheReactCourse\\src\\components\\Header.js": {"path":"D:\\React Learnings\\NamastheReactCourse\\src\\components\\Header.js","statementMap":{"0":{"start":{"line":11,"column":13},"end":{"line":48,"column":1}},"1":{"start":{"line":13,"column":33},"end":{"line":13,"column":50}},"2":{"start":{"line":14,"column":25},"end":{"line":14,"column":42}},"3":{"start":{"line":17,"column":25},"end":{"line":17,"column":52}},"4":{"start":{"line":18,"column":4},"end":{"line":18,"column":30}},"5":{"start":{"line":21,"column":20},"end":{"line":21,"column":58}},"6":{"start":{"line":21,"column":41},"end":{"line":21,"column":57}},"7":{"start":{"line":22,"column":4},"end":{"line":47,"column":5}},"8":{"start":{"line":38,"column":24},"end":{"line":40,"column":46}}},"fnMap":{"0":{"name":"(anonymous_0)","decl":{"start":{"line":11,"column":13},"end":{"line":11,"column":14}},"loc":{"start":{"line":11,"column":17},"end":{"line":48,"column":1}},"line":11},"1":{"name":"(anonymous_1)","decl":{"start":{"line":21,"column":32},"end":{"line":21,"column":33}},"loc":{"start":{"line":21,"column":41},"end":{"line":21,"column":57}},"line":21},"2":{"name":"(anonymous_2)","decl":{"start":{"line":37,"column":59},"end":{"line":37,"column":60}},"loc":{"start":{"line":37,"column":63},"end":{"line":42,"column":21}},"line":37}},"branchMap":{"0":{"loc":{"start":{"line":25,"column":45},"end":{"line":25,"column":67}},"type":"cond-expr","locations":[{"start":{"line":25,"column":58},"end":{"line":25,"column":62}},{"start":{"line":25,"column":63},"end":{"line":25,"column":67}}],"line":25},"1":{"loc":{"start":{"line":38,"column":24},"end":{"line":40,"column":45}},"type":"cond-expr","locations":[{"start":{"line":39,"column":26},"end":{"line":39,"column":47}},{"start":{"line":40,"column":25},"end":{"line":40,"column":45}}],"line":38}},"s":{"0":1,"1":3,"2":3,"3":3,"4":3,"5":3,"6":5,"7":3,"8":1},"f":{"0":3,"1":5,"2":1},"b":{"0":[3,0],"1":[1,0]},"_coverageSchema":"1a1c01bbd47fc00a2c39e90264f33305004495a9","hash":"5a1a0d48b1dfe83a89a38f589f20986e8b5f93f7"}
,"D:\\React Learnings\\NamastheReactCourse\\src\\components\\Sum.js": {"path":"D:\\React Learnings\\NamastheReactCourse\\src\\components\\Sum.js","statementMap":{"0":{"start":{"line":1,"column":10},"end":{"line":3,"column":1}},"1":{"start":{"line":2,"column":4},"end":{"line":2,"column":15}}},"fnMap":{"0":{"name":"(anonymous_0)","decl":{"start":{"line":1,"column":10},"end":{"line":1,"column":11}},"loc":{"start":{"line":1,"column":17},"end":{"line":3,"column":1}},"line":1}},"branchMap":{},"s":{"0":1,"1":1},"f":{"0":1},"b":{},"_coverageSchema":"1a1c01bbd47fc00a2c39e90264f33305004495a9","hash":"24ed18ae40ecc9845d861590bc21d766f78c4716"}
,"D:\\React Learnings\\NamastheReactCourse\\src\\utils\\UserContextMock.js": {"path":"D:\\React Learnings\\NamastheReactCourse\\src\\utils\\UserContextMock.js","statementMap":{"0":{"start":{"line":2,"column":23},"end":{"line":5,"column":2}}},"fnMap":{},"branchMap":{},"s":{"0":1},"f":{},"b":{},"_coverageSchema":"1a1c01bbd47fc00a2c39e90264f33305004495a9","hash":"037d3f45655d9167b35207ae4333db12c38529fa"}
,"D:\\React Learnings\\NamastheReactCourse\\src\\utils\\appStore.js": {"path":"D:\\React Learnings\\NamastheReactCourse\\src\\utils\\appStore.js","statementMap":{"0":{"start":{"line":3,"column":15},"end":{"line":9,"column":1}}},"fnMap":{},"branchMap":{},"s":{"0":1},"f":{},"b":{},"_coverageSchema":"1a1c01bbd47fc00a2c39e90264f33305004495a9","hash":"3bd15c659ba7cf1bf36636524b930564d56c984c"}
,"D:\\React Learnings\\NamastheReactCourse\\src\\utils\\cartSlice.js": {"path":"D:\\React Learnings\\NamastheReactCourse\\src\\utils\\cartSlice.js","statementMap":{"0":{"start":{"line":3,"column":18},"end":{"line":32,"column":6}},"1":{"start":{"line":13,"column":12},"end":{"line":13,"column":45}},"2":{"start":{"line":23,"column":12},"end":{"line":23,"column":30}},"3":{"start":{"line":26,"column":12},"end":{"line":26,"column":33}},"4":{"start":{"line":34,"column":48},"end":{"line":34,"column":65}}},"fnMap":{"0":{"name":"(anonymous_0)","decl":{"start":{"line":9,"column":16},"end":{"line":9,"column":17}},"loc":{"start":{"line":9,"column":32},"end":{"line":21,"column":9}},"line":9},"1":{"name":"(anonymous_1)","decl":{"start":{"line":22,"column":19},"end":{"line":22,"column":20}},"loc":{"start":{"line":22,"column":35},"end":{"line":24,"column":9}},"line":22},"2":{"name":"(anonymous_2)","decl":{"start":{"line":25,"column":18},"end":{"line":25,"column":19}},"loc":{"start":{"line":25,"column":27},"end":{"line":30,"column":9}},"line":25}},"branchMap":{},"s":{"0":1,"1":0,"2":0,"3":0,"4":1},"f":{"0":0,"1":0,"2":0},"b":{},"_coverageSchema":"1a1c01bbd47fc00a2c39e90264f33305004495a9","hash":"0baa5b698997fc9deac432d5b87aa0bb0091fa28"}
,"D:\\React Learnings\\NamastheReactCourse\\src\\utils\\constants.js": {"path":"D:\\React Learnings\\NamastheReactCourse\\src\\utils\\constants.js","statementMap":{"0":{"start":{"line":1,"column":19},"end":{"line":1,"column":165}},"1":{"start":{"line":6,"column":26},"end":{"line":6,"column":58}},"2":{"start":{"line":9,"column":33},"end":{"line":9,"column":63}}},"fnMap":{},"branchMap":{},"s":{"0":1,"1":1,"2":1},"f":{},"b":{},"_coverageSchema":"1a1c01bbd47fc00a2c39e90264f33305004495a9","hash":"174ed5cc80a63f90bae312396e8cae8b1cdea457"}
,"D:\\React Learnings\\NamastheReactCourse\\src\\utils\\useOnlineStatus.js": {"path":"D:\\React Learnings\\NamastheReactCourse\\src\\utils\\useOnlineStatus.js","statementMap":{"0":{"start":{"line":3,"column":22},"end":{"line":17,"column":1}},"1":{"start":{"line":4,"column":34},"end":{"line":4,"column":48}},"2":{"start":{"line":7,"column":4},"end":{"line":14,"column":7}},"3":{"start":{"line":8,"column":8},"end":{"line":10,"column":11}},"4":{"start":{"line":9,"column":12},"end":{"line":9,"column":31}},"5":{"start":{"line":11,"column":8},"end":{"line":13,"column":11}},"6":{"start":{"line":12,"column":12},"end":{"line":12,"column":30}},"7":{"start":{"line":16,"column":4},"end":{"line":16,"column":20}}},"fnMap":{"0":{"name":"(anonymous_0)","decl":{"start":{"line":3,"column":22},"end":{"line":3,"column":23}},"loc":{"start":{"line":3,"column":26},"end":{"line":17,"column":1}},"line":3},"1":{"name":"(anonymous_1)","decl":{"start":{"line":7,"column":14},"end":{"line":7,"column":15}},"loc":{"start":{"line":7,"column":18},"end":{"line":14,"column":5}},"line":7},"2":{"name":"(anonymous_2)","decl":{"start":{"line":8,"column":42},"end":{"line":8,"column":43}},"loc":{"start":{"line":8,"column":46},"end":{"line":10,"column":9}},"line":8},"3":{"name":"(anonymous_3)","decl":{"start":{"line":11,"column":41},"end":{"line":11,"column":42}},"loc":{"start":{"line":11,"column":45},"end":{"line":13,"column":9}},"line":11}},"branchMap":{},"s":{"0":1,"1":3,"2":3,"3":3,"4":0,"5":3,"6":0,"7":3},"f":{"0":3,"1":3,"2":0,"3":0},"b":{},"_coverageSchema":"1a1c01bbd47fc00a2c39e90264f33305004495a9","hash":"3ee554c4b14910d3ae7225fea1b0a97f27712026"}
}
